<?xml version="1.0" encoding="UTF-8"?>
<testng-results ignored="0" total="4" passed="3" failed="1" skipped="0">
  <reporter-output>
  </reporter-output>
  <suite started-at="2020-12-09T02:22:58 IST" name="SmokeTestSuite" finished-at="2020-12-09T02:23:28 IST" duration-ms="30115">
    <groups>
    </groups>
    <test started-at="2020-12-09T02:22:58 IST" name="UploadTests" finished-at="2020-12-09T02:23:10 IST" duration-ms="12178">
      <class name="com.webapp.uploadtests.UploadTests">
        <test-method is-config="true" signature="setUp(java.lang.reflect.Method, java.lang.String, java.lang.String, java.lang.String, org.testng.ITestContext)[pri:0, instance:com.webapp.uploadtests.UploadTests@3cbcd8f3]" started-at="2020-12-09T02:22:58 IST" name="setUp" finished-at="2020-12-09T02:23:04 IST" duration-ms="5597" status="PASS">
          <params>
            <param index="0">
              <value>
                <![CDATA[public void com.webapp.uploadtests.UploadTests.fileUploadTest(int,java.lang.String)]]>
              </value>
            </param>
            <param index="1">
              <value>
                <![CDATA[chrome]]>
              </value>
            </param>
            <param index="2">
              <value is-null="true"/>
            </param>
            <param index="3">
              <value is-null="true"/>
            </param>
            <param index="4">
              <value>
                <![CDATA[org.testng.TestRunner@44de94c3]]>
              </value>
            </param>
          </params>
          <reporter-output>
          </reporter-output>
        </test-method> <!-- setUp -->
        <test-method is-config="true" signature="setUp(java.lang.reflect.Method, java.lang.String, java.lang.String, java.lang.String, org.testng.ITestContext)[pri:0, instance:com.webapp.uploadtests.UploadTests@3cbcd8f3]" started-at="2020-12-09T02:22:58 IST" name="setUp" finished-at="2020-12-09T02:23:04 IST" duration-ms="5597" status="PASS">
          <params>
            <param index="0">
              <value>
                <![CDATA[public void com.webapp.uploadtests.UploadTests.fileUploadTest(int,java.lang.String)]]>
              </value>
            </param>
            <param index="1">
              <value>
                <![CDATA[chrome]]>
              </value>
            </param>
            <param index="2">
              <value is-null="true"/>
            </param>
            <param index="3">
              <value is-null="true"/>
            </param>
            <param index="4">
              <value>
                <![CDATA[org.testng.TestRunner@44de94c3]]>
              </value>
            </param>
          </params>
          <reporter-output>
          </reporter-output>
        </test-method> <!-- setUp -->
        <test-method is-config="true" signature="setUp(java.lang.reflect.Method, java.lang.String, java.lang.String, java.lang.String, org.testng.ITestContext)[pri:0, instance:com.webapp.uploadtests.UploadTests@3cbcd8f3]" started-at="2020-12-09T02:22:58 IST" name="setUp" finished-at="2020-12-09T02:23:04 IST" duration-ms="5597" status="PASS">
          <params>
            <param index="0">
              <value>
                <![CDATA[public void com.webapp.uploadtests.UploadTests.fileUploadTest(int,java.lang.String)]]>
              </value>
            </param>
            <param index="1">
              <value>
                <![CDATA[chrome]]>
              </value>
            </param>
            <param index="2">
              <value is-null="true"/>
            </param>
            <param index="3">
              <value is-null="true"/>
            </param>
            <param index="4">
              <value>
                <![CDATA[org.testng.TestRunner@44de94c3]]>
              </value>
            </param>
          </params>
          <reporter-output>
          </reporter-output>
        </test-method> <!-- setUp -->
        <test-method signature="fileUploadTest(int, java.lang.String)[pri:0, instance:com.webapp.uploadtests.UploadTests@3cbcd8f3]" started-at="2020-12-09T02:23:04 IST" name="fileUploadTest" description="Verify file upload tests using dataprovider" data-provider="files" finished-at="2020-12-09T02:23:09 IST" duration-ms="5597" status="PASS">
          <params>
            <param index="0">
              <value>
                <![CDATA[1]]>
              </value>
            </param>
            <param index="1">
              <value>
                <![CDATA[Intel-logo.jpg]]>
              </value>
            </param>
          </params>
          <reporter-output>
          </reporter-output>
        </test-method> <!-- fileUploadTest -->
        <test-method signature="fileUploadTest(int, java.lang.String)[pri:0, instance:com.webapp.uploadtests.UploadTests@3cbcd8f3]" started-at="2020-12-09T02:23:04 IST" name="fileUploadTest" description="Verify file upload tests using dataprovider" data-provider="files" finished-at="2020-12-09T02:23:09 IST" duration-ms="5228" status="PASS">
          <params>
            <param index="0">
              <value>
                <![CDATA[3]]>
              </value>
            </param>
            <param index="1">
              <value>
                <![CDATA[text.txt]]>
              </value>
            </param>
          </params>
          <reporter-output>
          </reporter-output>
        </test-method> <!-- fileUploadTest -->
        <test-method signature="fileUploadTest(int, java.lang.String)[pri:0, instance:com.webapp.uploadtests.UploadTests@3cbcd8f3]" started-at="2020-12-09T02:23:04 IST" name="fileUploadTest" description="Verify file upload tests using dataprovider" data-provider="files" finished-at="2020-12-09T02:23:09 IST" duration-ms="4774" status="PASS">
          <params>
            <param index="0">
              <value>
                <![CDATA[2]]>
              </value>
            </param>
            <param index="1">
              <value>
                <![CDATA[download.png]]>
              </value>
            </param>
          </params>
          <reporter-output>
          </reporter-output>
        </test-method> <!-- fileUploadTest -->
        <test-method is-config="true" signature="tearDown()[pri:0, instance:com.webapp.uploadtests.UploadTests@3cbcd8f3]" started-at="2020-12-09T02:23:09 IST" name="tearDown" finished-at="2020-12-09T02:23:09 IST" duration-ms="609" status="PASS">
          <reporter-output>
          </reporter-output>
        </test-method> <!-- tearDown -->
        <test-method is-config="true" signature="tearDown()[pri:0, instance:com.webapp.uploadtests.UploadTests@3cbcd8f3]" started-at="2020-12-09T02:23:09 IST" name="tearDown" finished-at="2020-12-09T02:23:10 IST" duration-ms="601" status="PASS">
          <reporter-output>
          </reporter-output>
        </test-method> <!-- tearDown -->
        <test-method is-config="true" signature="tearDown()[pri:0, instance:com.webapp.uploadtests.UploadTests@3cbcd8f3]" started-at="2020-12-09T02:23:09 IST" name="tearDown" finished-at="2020-12-09T02:23:10 IST" duration-ms="592" status="PASS">
          <reporter-output>
          </reporter-output>
        </test-method> <!-- tearDown -->
      </class> <!-- com.webapp.uploadtests.UploadTests -->
    </test> <!-- UploadTests -->
    <test started-at="2020-12-09T02:22:58 IST" name="PositiveLogInTest123" finished-at="2020-12-09T02:23:28 IST" duration-ms="30115">
      <class name="com.webapp.loginpagetests.PositiveLogInTests">
        <test-method is-config="true" signature="setUp(java.lang.reflect.Method, java.lang.String, java.lang.String, java.lang.String, org.testng.ITestContext)[pri:0, instance:com.webapp.loginpagetests.PositiveLogInTests@27912e3]" started-at="2020-12-09T02:22:58 IST" name="setUp" finished-at="2020-12-09T02:23:04 IST" duration-ms="5749" status="PASS">
          <params>
            <param index="0">
              <value>
                <![CDATA[public void com.webapp.loginpagetests.PositiveLogInTests.logInTest()]]>
              </value>
            </param>
            <param index="1">
              <value>
                <![CDATA[chrome]]>
              </value>
            </param>
            <param index="2">
              <value is-null="true"/>
            </param>
            <param index="3">
              <value is-null="true"/>
            </param>
            <param index="4">
              <value>
                <![CDATA[org.testng.TestRunner@2a1debfa]]>
              </value>
            </param>
          </params>
          <reporter-output>
          </reporter-output>
        </test-method> <!-- setUp -->
        <test-method signature="logInTest()[pri:0, instance:com.webapp.loginpagetests.PositiveLogInTests@27912e3]" started-at="2020-12-09T02:23:04 IST" name="logInTest" description="Verify positive login scenario" finished-at="2020-12-09T02:23:21 IST" duration-ms="16885" status="FAIL">
          <exception class="java.lang.AssertionError">
            <message>
              <![CDATA[actualSuccessMessage does not contain expectedSuccessMessage
expectedSuccessMessage: You logged into a secure are!
actualSuccessMessage: You logged into a secure area!
× expected [true] but found [false]]]>
            </message>
            <full-stacktrace>
              <![CDATA[java.lang.AssertionError: actualSuccessMessage does not contain expectedSuccessMessage
expectedSuccessMessage: You logged into a secure are!
actualSuccessMessage: You logged into a secure area!
× expected [true] but found [false]
at org.testng.Assert.fail(Assert.java:99)
at org.testng.Assert.failNotEquals(Assert.java:1037)
at org.testng.Assert.assertTrue(Assert.java:45)
at com.webapp.loginpagetests.PositiveLogInTests.logInTest(PositiveLogInTests.java:59)
at java.base/jdk.internal.reflect.NativeMethodAccessorImpl.invoke0(Native Method)
at java.base/jdk.internal.reflect.NativeMethodAccessorImpl.invoke(NativeMethodAccessorImpl.java:62)
at java.base/jdk.internal.reflect.DelegatingMethodAccessorImpl.invoke(DelegatingMethodAccessorImpl.java:43)
at java.base/java.lang.reflect.Method.invoke(Method.java:566)
at org.testng.internal.MethodInvocationHelper.invokeMethod(MethodInvocationHelper.java:132)
at org.testng.internal.TestInvoker.invokeMethod(TestInvoker.java:599)
at org.testng.internal.TestInvoker.invokeTestMethod(TestInvoker.java:174)
at org.testng.internal.MethodRunner.runInSequence(MethodRunner.java:46)
at org.testng.internal.TestInvoker$MethodInvocationAgent.invoke(TestInvoker.java:822)
at org.testng.internal.TestInvoker.invokeTestMethods(TestInvoker.java:147)
at org.testng.internal.TestMethodWorker.invokeTestMethods(TestMethodWorker.java:146)
at org.testng.internal.TestMethodWorker.run(TestMethodWorker.java:128)
at java.base/java.util.ArrayList.forEach(ArrayList.java:1540)
at org.testng.TestRunner.privateRun(TestRunner.java:764)
at org.testng.TestRunner.run(TestRunner.java:585)
at org.testng.SuiteRunner.runTest(SuiteRunner.java:384)
at org.testng.SuiteRunner.access$000(SuiteRunner.java:28)
at org.testng.SuiteRunner$SuiteWorker.run(SuiteRunner.java:425)
at org.testng.internal.thread.ThreadUtil.lambda$execute$0(ThreadUtil.java:66)
at java.base/java.util.concurrent.FutureTask.run(FutureTask.java:264)
at java.base/java.util.concurrent.ThreadPoolExecutor.runWorker(ThreadPoolExecutor.java:1128)
at java.base/java.util.concurrent.ThreadPoolExecutor$Worker.run(ThreadPoolExecutor.java:628)
at java.base/java.lang.Thread.run(Thread.java:834)
]]>
            </full-stacktrace>
          </exception> <!-- java.lang.AssertionError -->
          <reporter-output>
          </reporter-output>
        </test-method> <!-- logInTest -->
        <test-method is-config="true" signature="tearDown()[pri:0, instance:com.webapp.loginpagetests.PositiveLogInTests@27912e3]" started-at="2020-12-09T02:23:21 IST" name="tearDown" finished-at="2020-12-09T02:23:28 IST" duration-ms="6628" status="PASS">
          <reporter-output>
          </reporter-output>
        </test-method> <!-- tearDown -->
      </class> <!-- com.webapp.loginpagetests.PositiveLogInTests -->
    </test> <!-- PositiveLogInTest123 -->
  </suite> <!-- SmokeTestSuite -->
</testng-results>
